[10-Nov-2020 10:27:16 Asia/Tokyo] ajax通信時のPOSTの中身です。 Array
(
    [data] => js-next-monster
)

[10-Nov-2020 10:27:16 Asia/Tokyo] モンスターを新しく生成しました monster.php
[10-Nov-2020 10:27:16 Asia/Tokyo]   
[10-Nov-2020 10:27:16 Asia/Tokyo] 勇者を新しく生成しました monster.php
[10-Nov-2020 10:27:16 Asia/Tokyo]   
[10-Nov-2020 10:27:16 Asia/Tokyo] ゲームを初期化しました monster.php
[10-Nov-2020 10:27:16 Asia/Tokyo]   
[10-Nov-2020 10:27:16 Asia/Tokyo] 渡ってきた引数はこちらです。function.phpMagicMonster Object
(
    [magicAttack:MagicMonster:private] => 50
    [img:protected] => img/monster_02.png
    [name:protected] => エルダーリッチ
    [hp:protected] => 300
    [attackMin:protected] => 2
    [attackMax:protected] => 30
)

[10-Nov-2020 10:27:16 Asia/Tokyo] 渡ってきた引数はこちらです。function.phpHuman Object
(
    [sex:protected] => 
    [defaultHp:protected] => 150
    [name:protected] => 勇者(♂)
    [hp:protected] => 150
    [attackMin:protected] => 20
    [attackMax:protected] => 30
    [mp] => 30
    [lv] => 1
    [magic] => Array
        (
            [0] => flame
            [1] => electron
            [2] => ice
        )

)

[10-Nov-2020 10:27:16 Asia/Tokyo] 現在のURLを取得しました。 ：http://localhost:8001
